Controllers found: 1
----------------------------------------------------------------------
Controller information
----------------------------------------------------------------------
   Controller Status                        : Optimal
   Controller Mode                          : Default/RAID
   Channel description                      : SAS/SATA
   Controller Model                         : Adaptec ASR7805Q
   Controller Serial Number                 : 3A0413027F9
   Physical Slot                            : 3
   Temperature                              : 60 C/ 140 F (Normal)
   Installed memory                         : 1024 MB
   Copyback                                 : Disabled
   Background consistency check             : Disabled
   Automatic Failover                       : Enabled
   Global task priority                     : High
   Performance Mode                         : Default/Dynamic
   Host bus type                            : PCIe
   Host bus speed                           : 8000 MHz
   Hot bus link width                       : 8 bit(s)/link(s)
   Stayawake period                         : Disabled
   Spinup limit internal drives             : 0
   Spinup limit external drives             : 0
   Defunct disk drive count                 : 0
   Logical devices/Failed/Degraded          : 3/0/0
   MaxCache flush and fetch rate            : 100
   MaxCache Read, Write Balance Factor      : 3,1
   MaxCache Dirty Page Threshold            : 75
   NCQ status                               : Enabled
   Statistics data collection mode          : Disabled
   --------------------------------------------------------
   Controller Version Information
   --------------------------------------------------------
   BIOS                                     : 7.4-0 (30862)
   Firmware                                 : 7.4-0 (30862)
   Driver                                   : 1.2-1 (40300)
   Boot Flash                               : 7.4-0 (30862)

   --------------------------------------------------------
   Controller Cache Backup Unit Information
   --------------------------------------------------------

    Overall Backup Unit Status              : Ready

         Backup Unit Type                   : AFM-700/700LP
         Non-Volatile Storage Status        : Ready
         Supercap Status                    : Ready

         -----------------------------------
         Supercap Information               
         -----------------------------------
         Current Temperature                : 27 deg C
         Threshold Temperature              : 51 deg C
         Life-time Temperature Recorded     
         (Min/Max)                          : 22 deg C/ 34 deg C

         Voltage(Present/Max)               : 4962 mV/ 5302 mV
         Life-time Max Voltage Recorded     : 5510 mV

         Current Drawn(Present/Max)         : 0 mA/ 560 mA
         Health                             : 100 percent
         Charge Level                       : 100 percent
         Estimated Life-time                : 5 Years, 0 Month
         Serial Number                      : 3A041D022B2

----------------------------------------------------------------------
Logical device information
----------------------------------------------------------------------
Logical device number 0
   Logical device name                      : OS
   RAID level                               : 1
   Status of logical device                 : Optimal
   Size                                     : 114290 MB
   Parity space                             : 114300 MB
   Read-cache setting                       : Disabled
   Read-cache status                        : Off
   Write-cache setting                      : Disabled
   Write-cache status                       : Off
   MaxCache read cache setting              : Disabled
   MaxCache read cache status               : Off
   MaxCache write cache setting             : Disabled
   MaxCache write cache status              : Off
   Partitioned                              : Yes
   Protected by Hot-Spare                   : No
   Bootable                                 : Yes
   Failed stripes                           : No
   Power settings                           : Disabled
   --------------------------------------------------------
   Logical device segment information
   --------------------------------------------------------
   Segment 0                                : Present (Controller:1,Enclosure:0,Slot:22) S19HNEAD592704T
   Segment 1                                : Present (Controller:1,Enclosure:0,Slot:23) S19HNEAD586378L

Logical device number 1
   Logical device name                      : SSDSTORAGEPOOL
   RAID level                               : 1
   Status of logical device                 : Optimal
   Size                                     : 487414 MB
   Parity space                             : 487424 MB
   Read-cache setting                       : Disabled
   Read-cache status                        : Off
   Write-cache setting                      : Disabled
   Write-cache status                       : Off
   MaxCache read cache setting              : Disabled
   MaxCache read cache status               : Off
   MaxCache write cache setting             : Disabled
   MaxCache write cache status              : Off
   Partitioned                              : No
   Protected by Hot-Spare                   : Yes
   Dedicated Hot-Spare                      : 0,10
   Bootable                                 : No
   Failed stripes                           : No
   Power settings                           : Disabled
   --------------------------------------------------------
   Logical device segment information
   --------------------------------------------------------
   Segment 0                                : Present (Controller:1,Enclosure:0,Slot:0) S1AXNEAD901256E
   Segment 1                                : Present (Controller:1,Enclosure:0,Slot:1) S1AXNEAD603771B

Logical device number 2
   Logical device name                      : HDDSTORAGEPOOL
   RAID level                               : 5
   Status of logical device                 : Optimal
   MaxCache Status                          : Dirty
   Size                                     : 4766710 MB
   Parity space                             : 953344 MB
   Stripe-unit size                         : 256 KB
   Read-cache setting                       : Enabled
   Read-cache status                        : On
   Write-cache setting                      : On when protected by battery/ZMM
   Write-cache status                       : On
   MaxCache read cache setting              : Enabled
   MaxCache read cache status               : On
   MaxCache write cache setting             : Enabled
   MaxCache write cache status              : On
   MaxCache write cache policy              : Write Back
   Partitioned                              : No
   Protected by Hot-Spare                   : No
   Bootable                                 : No
   Failed stripes                           : No
   Power settings                           : Disabled
   --------------------------------------------------------
   Logical device segment information
   --------------------------------------------------------
   Segment 0                                : Present (Controller:1,Enclosure:0,Slot:3) 9XG4LJ8A00009347BBNG
   Segment 1                                : Present (Controller:1,Enclosure:0,Slot:4) 9XG4JJ2900009346AYKE
   Segment 2                                : Present (Controller:1,Enclosure:0,Slot:5) 9XG4KBA800009347W1Q5
   Segment 3                                : Present (Controller:1,Enclosure:0,Slot:6) 9XG4LBM600009347BBQ0
   Segment 4                                : Present (Controller:1,Enclosure:0,Slot:7) 9XG4LHYX00009347W20M
   Segment 5                                : Present (Controller:1,Enclosure:0,Slot:8) 9XG4LHZG00009347W1RL


----------------------------------------------------------------------
Physical Device information
----------------------------------------------------------------------
      Device #0
         Device is a Hard drive
         State                              : Online
         Supported                          : Yes
         Transfer Speed                     : SATA 6.0 Gb/s
         Reported Channel,Device(T:L)       : 0,8(8:0)
         Reported Location                  : Enclosure 0, Slot 0
         Reported ESD(T:L)                  : 2,0(0:0)
         Vendor                             : ATA
         Model                              : Samsung SSD 840
         Firmware                           : DXM05B0Q
         Serial number                      : S1AXNEAD901256E
         Reserved Size                      : 985368 KB
         Used Size                          : 487424 MB
         Unused Size                        : 64 KB
         Total Size                         : 488386 MB
         Write Cache                        : Enabled (write-back)
         FRU                                : None
         S.M.A.R.T.                         : No
         S.M.A.R.T. warnings                : 0
         Power State                        : Full rpm
         Supported Power States             : Full rpm,Powered off
         SSD                                : Yes
         NCQ status                         : Enabled
      Device #1
         Device is a Hard drive
         State                              : Online
         Supported                          : Yes
         Transfer Speed                     : SATA 6.0 Gb/s
         Reported Channel,Device(T:L)       : 0,9(9:0)
         Reported Location                  : Enclosure 0, Slot 1
         Reported ESD(T:L)                  : 2,0(0:0)
         Vendor                             : ATA
         Model                              : Samsung SSD 840
         Firmware                           : DXM05B0Q
         Serial number                      : S1AXNEAD603771B
         Reserved Size                      : 985368 KB
         Used Size                          : 487424 MB
         Unused Size                        : 64 KB
         Total Size                         : 488386 MB
         Write Cache                        : Enabled (write-back)
         FRU                                : None
         S.M.A.R.T.                         : No
         S.M.A.R.T. warnings                : 0
         Power State                        : Full rpm
         Supported Power States             : Full rpm,Powered off
         SSD                                : Yes
         NCQ status                         : Enabled
      Device #2
         Device is a Hard drive
         State                              : Dedicated Hot-Spare
         Dedicated Spare for                : logical device 1
         Supported                          : Yes
         Transfer Speed                     : SATA 6.0 Gb/s
         Reported Channel,Device(T:L)       : 0,10(10:0)
         Reported Location                  : Enclosure 0, Slot 2
         Reported ESD(T:L)                  : 2,0(0:0)
         Vendor                             : ATA
         Model                              : Samsung SSD 840
         Firmware                           : DXM05B0Q
         Serial number                      : S1AXNEAD602232X
         Reserved Size                      : 985368 KB
         Used Size                          : 487424 MB
         Unused Size                        : 64 KB
         Total Size                         : 488386 MB
         Write Cache                        : Enabled (write-back)
         FRU                                : None
         S.M.A.R.T.                         : No
         S.M.A.R.T. warnings                : 0
         Power State                        : Full rpm
         Supported Power States             : Full rpm,Powered off
         SSD                                : Yes
         NCQ status                         : Enabled
      Device #3
         Device is a Hard drive
         State                              : Online
         Supported                          : Yes
         Transfer Speed                     : SAS 6.0 Gb/s
         Reported Channel,Device(T:L)       : 0,11(11:0)
         Reported Location                  : Enclosure 0, Slot 3
         Reported ESD(T:L)                  : 2,0(0:0)
         Vendor                             : SEAGATE
         Model                              : ST91000640SS
         Firmware                           : 0004
         Serial number                      : 9XG4LJ8A00009347BBNG
         World-wide name                    : 5000C50056B3D970
         Reserved Size                      : 538264 KB
         Used Size                          : 953344 MB
         Unused Size                        : 64 KB
         Total Size                         : 953869 MB
         Write Cache                        : Enabled (write-back)
         FRU                                : None
         S.M.A.R.T.                         : No
         S.M.A.R.T. warnings                : 0
         Power State                        : Full rpm
         Supported Power States             : Full rpm,Powered off,Reduced rpm
         SSD                                : No
      Device #4
         Device is a Hard drive
         State                              : Online
         Supported                          : Yes
         Transfer Speed                     : SAS 6.0 Gb/s
         Reported Channel,Device(T:L)       : 0,12(12:0)
         Reported Location                  : Enclosure 0, Slot 4
         Reported ESD(T:L)                  : 2,0(0:0)
         Vendor                             : SEAGATE
         Model                              : ST91000640SS
         Firmware                           : 0004
         Serial number                      : 9XG4JJ2900009346AYKE
         World-wide name                    : 5000C50056AE7BC0
         Reserved Size                      : 538264 KB
         Used Size                          : 953344 MB
         Unused Size                        : 64 KB
         Total Size                         : 953869 MB
         Write Cache                        : Enabled (write-back)
         FRU                                : None
         S.M.A.R.T.                         : No
         S.M.A.R.T. warnings                : 0
         Power State                        : Full rpm
         Supported Power States             : Full rpm,Powered off,Reduced rpm
         SSD                                : No
      Device #5
         Device is a Hard drive
         State                              : Online
         Supported                          : Yes
         Transfer Speed                     : SAS 6.0 Gb/s
         Reported Channel,Device(T:L)       : 0,13(13:0)
         Reported Location                  : Enclosure 0, Slot 5
         Reported ESD(T:L)                  : 2,0(0:0)
         Vendor                             : SEAGATE
         Model                              : ST91000640SS
         Firmware                           : 0004
         Serial number                      : 9XG4KBA800009347W1Q5
         World-wide name                    : 5000C50056B3D97C
         Reserved Size                      : 538264 KB
         Used Size                          : 953344 MB
         Unused Size                        : 64 KB
         Total Size                         : 953869 MB
         Write Cache                        : Enabled (write-back)
         FRU                                : None
         S.M.A.R.T.                         : No
         S.M.A.R.T. warnings                : 0
         Power State                        : Full rpm
         Supported Power States             : Full rpm,Powered off,Reduced rpm
         SSD                                : No
      Device #6
         Device is a Hard drive
         State                              : Online
         Supported                          : Yes
         Transfer Speed                     : SAS 6.0 Gb/s
         Reported Channel,Device(T:L)       : 0,14(14:0)
         Reported Location                  : Enclosure 0, Slot 6
         Reported ESD(T:L)                  : 2,0(0:0)
         Vendor                             : SEAGATE
         Model                              : ST91000640SS
         Firmware                           : 0004
         Serial number                      : 9XG4LBM600009347BBQ0
         World-wide name                    : 5000C50056B3D868
         Reserved Size                      : 538264 KB
         Used Size                          : 953344 MB
         Unused Size                        : 64 KB
         Total Size                         : 953869 MB
         Write Cache                        : Enabled (write-back)
         FRU                                : None
         S.M.A.R.T.                         : No
         S.M.A.R.T. warnings                : 0
         Power State                        : Full rpm
         Supported Power States             : Full rpm,Powered off,Reduced rpm
         SSD                                : No
      Device #7
         Device is a Hard drive
         State                              : Online
         Supported                          : Yes
         Transfer Speed                     : SAS 6.0 Gb/s
         Reported Channel,Device(T:L)       : 0,15(15:0)
         Reported Location                  : Enclosure 0, Slot 7
         Reported ESD(T:L)                  : 2,0(0:0)
         Vendor                             : SEAGATE
         Model                              : ST91000640SS
         Firmware                           : 0004
         Serial number                      : 9XG4LHYX00009347W20M
         World-wide name                    : 5000C50056B3E190
         Reserved Size                      : 538264 KB
         Used Size                          : 953344 MB
         Unused Size                        : 64 KB
         Total Size                         : 953869 MB
         Write Cache                        : Enabled (write-back)
         FRU                                : None
         S.M.A.R.T.                         : No
         S.M.A.R.T. warnings                : 0
         Power State                        : Full rpm
         Supported Power States             : Full rpm,Powered off,Reduced rpm
         SSD                                : No
      Device #8
         Device is a Hard drive
         State                              : Online
         Supported                          : Yes
         Transfer Speed                     : SAS 6.0 Gb/s
         Reported Channel,Device(T:L)       : 0,16(16:0)
         Reported Location                  : Enclosure 0, Slot 8
         Reported ESD(T:L)                  : 2,0(0:0)
         Vendor                             : SEAGATE
         Model                              : ST91000640SS
         Firmware                           : 0004
         Serial number                      : 9XG4LHZG00009347W1RL
         World-wide name                    : 5000C50056B3E698
         Reserved Size                      : 538264 KB
         Used Size                          : 953344 MB
         Unused Size                        : 64 KB
         Total Size                         : 953869 MB
         Write Cache                        : Enabled (write-back)
         FRU                                : None
         S.M.A.R.T.                         : No
         S.M.A.R.T. warnings                : 0
         Power State                        : Full rpm
         Supported Power States             : Full rpm,Powered off,Reduced rpm
         SSD                                : No
      Device #9
         Device is a Hard drive
         State                              : Online
         Supported                          : Yes
         Transfer Speed                     : SATA 6.0 Gb/s
         Reported Channel,Device(T:L)       : 0,17(17:0)
         Reported Location                  : Enclosure 0, Slot 9
         Reported ESD(T:L)                  : 2,0(0:0)
         Vendor                             : ATA
         Model                              : SAMSUNG MZ7WD240
         Firmware                           : DXM87W3Q
         Serial number                      : S16LNYAF302008
         Reserved Size                      : 139800 KB
         Used Size                          : 204800 MB
         Unused Size                        : 24000 MB
         Total Size                         : 228936 MB
         Write Cache                        : Enabled (write-back)
         FRU                                : None
         S.M.A.R.T.                         : No
         S.M.A.R.T. warnings                : 0
         Power State                        : Full rpm
         Supported Power States             : Full rpm,Powered off
         SSD                                : Yes
         NCQ status                         : Enabled
      Device #10
         Device is a Hard drive
         State                              : Online
         Supported                          : Yes
         Transfer Speed                     : SATA 6.0 Gb/s
         Reported Channel,Device(T:L)       : 0,18(18:0)
         Reported Location                  : Enclosure 0, Slot 10
         Reported ESD(T:L)                  : 2,0(0:0)
         Vendor                             : ATA
         Model                              : SAMSUNG MZ7WD240
         Firmware                           : DXM87W3Q
         Serial number                      : S16LNYAF302181
         Reserved Size                      : 139800 KB
         Used Size                          : 204800 MB
         Unused Size                        : 24000 MB
         Total Size                         : 228936 MB
         Write Cache                        : Enabled (write-back)
         FRU                                : None
         S.M.A.R.T.                         : No
         S.M.A.R.T. warnings                : 0
         Power State                        : Full rpm
         Supported Power States             : Full rpm,Powered off
         SSD                                : Yes
         NCQ status                         : Enabled
      Device #11
         Device is a Hard drive
         State                              : Dedicated Hot-Spare
         Dedicated Spare for                : logical device 100
         Supported                          : Yes
         Transfer Speed                     : SATA 6.0 Gb/s
         Reported Channel,Device(T:L)       : 0,19(19:0)
         Reported Location                  : Enclosure 0, Slot 11
         Reported ESD(T:L)                  : 2,0(0:0)
         Vendor                             : ATA
         Model                              : SAMSUNG MZ7WD240
         Firmware                           : DXM87W3Q
         Serial number                      : S16LNYAF302137
         Reserved Size                      : 139800 KB
         Used Size                          : 228800 MB
         Unused Size                        : 64 KB
         Total Size                         : 228936 MB
         Write Cache                        : Enabled (write-back)
         FRU                                : None
         S.M.A.R.T.                         : No
         S.M.A.R.T. warnings                : 0
         Power State                        : Full rpm
         Supported Power States             : Full rpm,Powered off
         SSD                                : Yes
         NCQ status                         : Enabled
      Device #12
         Device is a Hard drive
         State                              : Online
         Supported                          : Yes
         Transfer Speed                     : SATA 6.0 Gb/s
         Reported Channel,Device(T:L)       : 0,30(30:0)
         Reported Location                  : Enclosure 0, Slot 22
         Reported ESD(T:L)                  : 2,0(0:0)
         Vendor                             : ATA
         Model                              : Samsung SSD 840
         Firmware                           : DXT08B0Q
         Serial number                      : S19HNEAD592704T
         Reserved Size                      : 177560 KB
         Used Size                          : 114300 MB
         Unused Size                        : 64 KB
         Total Size                         : 114473 MB
         Write Cache                        : Enabled (write-back)
         FRU                                : None
         S.M.A.R.T.                         : No
         S.M.A.R.T. warnings                : 0
         Power State                        : Full rpm
         Supported Power States             : Full rpm,Powered off
         SSD                                : Yes
         NCQ status                         : Enabled
      Device #13
         Device is a Hard drive
         State                              : Online
         Supported                          : Yes
         Transfer Speed                     : SATA 6.0 Gb/s
         Reported Channel,Device(T:L)       : 0,31(31:0)
         Reported Location                  : Enclosure 0, Slot 23
         Reported ESD(T:L)                  : 2,0(0:0)
         Vendor                             : ATA
         Model                              : Samsung SSD 840
         Firmware                           : DXT08B0Q
         Serial number                      : S19HNEAD586378L
         Reserved Size                      : 177560 KB
         Used Size                          : 114300 MB
         Unused Size                        : 64 KB
         Total Size                         : 114473 MB
         Write Cache                        : Enabled (write-back)
         FRU                                : None
         S.M.A.R.T.                         : No
         S.M.A.R.T. warnings                : 0
         Power State                        : Full rpm
         Supported Power States             : Full rpm,Powered off
         SSD                                : Yes
         NCQ status                         : Enabled
      Device #14
         Device is an Enclosure services device
         Reported Channel,Device(T:L)       : 2,0(0:0)
         Enclosure ID                       : 0
         Type                               : SES2
         Vendor                             : LSI
         Model                              : SAS2X36
         Firmware                           : 0e0b
         Status of Enclosure services device
            Fan 1 status                    : 0 rpm (Not Installed)
            Fan 2 status                    : 0 rpm (Not Installed)
            Fan 3 status                    : 0 rpm (Not Installed)
            Temperature Sensor Status 1     : 23 C/ 73 F (Normal)
            Speaker status                  : Not available

----------------------------------------------------------------------
MaxCache 3.0 information
----------------------------------------------------------------------
Maxcache device number 100
   Maxcache device name                     : MaxCache 0
   MaxCache Dirty Status                    : Dirty
   RAID level                               : 1
   Background Coherency Check               : Inactive
   Status of MaxCache                       : Optimal
   Size                                     : 204790 MB
   MaxCache write cache status              : On
   Protected by Hot-Spare                   : Yes
   Dedicated Hot-Spare                      : 0,19
   Failed stripes                           : No
   --------------------------------------------------------
   Logical device segment information
   --------------------------------------------------------
   Segment 0                                : Present (Controller:1,Enclosure:0,Slot:9) S16LNYAF302008
   Segment 1                                : Present (Controller:1,Enclosure:0,Slot:10) S16LNYAF302181



Command completed successfully.


